2018-07-30 09:47:58  [Login] (main:) # # # # # # # # # # # # # # # # # # # # # # # # # # # 
2018-07-30 09:47:59  [Login] (main:) TEST Has Started
2018-07-30 09:48:39  [Login] (main:) Correct UN Error Message
2018-07-30 09:48:39  [Login] (main:) Correct PASS Error Message
2018-07-30 09:49:14  [Login] (main:) Correct UN Error Message
2018-07-30 09:49:14  [Login] (main:) Correct PASS Error Message
2018-07-30 09:49:50  [Login] (main:) Correct
2018-07-30 09:49:51  [Login] (main:) Correct PASS Error Message
2018-07-30 09:50:18  [Login] (main:) Correct
2018-07-30 09:50:19  [Login] (main:) Correct PASS Error Message
2018-07-30 09:51:09  [Login] (main:) InCorrect POP
2018-07-30 09:53:27  [Login] (main:) # # # # # # # # # # # # # # # # # # # # # # # # # # # 
2018-07-30 09:53:27  [Login] (main:) TEST Has Started
2018-07-30 09:54:04  [Login] (main:) Correct UN Error Message
2018-07-30 09:54:05  [Login] (main:) Correct PASS Error Message
2018-07-30 09:54:41  [Login] (main:) Correct UN Error Message
2018-07-30 09:54:42  [Login] (main:) Correct PASS Error Message
2018-07-30 09:55:17  [Login] (main:) Correct
2018-07-30 09:55:17  [Login] (main:) Correct PASS Error Message
2018-07-30 09:55:54  [Login] (main:) Correct
2018-07-30 09:55:55  [Login] (main:) Correct PASS Error Message
2018-07-30 09:56:24  [Login] (main:) InCorrect POP
2018-07-30 10:00:49  [Login] (main:) # # # # # # # # # # # # # # # # # # # # # # # # # # # 
2018-07-30 10:00:49  [Login] (main:) TEST Has Started
2018-07-30 10:01:22  [Login] (main:) Correct UN Error Message
2018-07-30 10:01:22  [Login] (main:) Correct PASS Error Message
2018-07-30 10:01:54  [Login] (main:) Correct UN Error Message
2018-07-30 10:01:55  [Login] (main:) Correct PASS Error Message
2018-07-30 10:02:27  [Login] (main:) Correct
2018-07-30 10:02:27  [Login] (main:) Correct PASS Error Message
2018-07-30 10:03:03  [Login] (main:) Correct
2018-07-30 10:03:04  [Login] (main:) Correct PASS Error Message
2018-07-30 10:03:32  [Login] (main:) InCorrect POP
2018-07-30 10:04:54  [Login] (main:) # # # # # # # # # # # # # # # # # # # # # # # # # # # 
2018-07-30 10:04:54  [Login] (main:) TEST Has Started
2018-07-30 10:05:25  [Login] (main:) Correct UN Error Message
2018-07-30 10:05:27  [Login] (main:) Correct PASS Error Message
2018-07-30 10:06:04  [Login] (main:) Correct UN Error Message
2018-07-30 10:06:05  [Login] (main:) Correct PASS Error Message
2018-07-30 10:06:40  [Login] (main:) Correct
2018-07-30 10:06:41  [Login] (main:) Correct PASS Error Message
2018-07-30 10:07:11  [Login] (main:) Correct
2018-07-30 10:07:11  [Login] (main:) Correct PASS Error Message
2018-07-30 10:07:46  [Login] (main:) InCorrect POP
2018-07-30 10:10:02  [Login] (main:) # # # # # # # # # # # # # # # # # # # # # # # # # # # 
2018-07-30 10:10:02  [Login] (main:) TEST Has Started
2018-07-30 10:10:39  [Login] (main:) Correct UN Error Message
2018-07-30 10:10:39  [Login] (main:) Correct PASS Error Message
2018-07-30 10:11:11  [Login] (main:) Correct UN Error Message
2018-07-30 10:11:12  [Login] (main:) Correct PASS Error Message
2018-07-30 10:11:50  [Login] (main:) Correct
2018-07-30 10:11:50  [Login] (main:) Correct PASS Error Message
2018-07-30 10:12:21  [Login] (main:) Correct
2018-07-30 10:12:24  [Login] (main:) Correct PASS Error Message
2018-07-30 10:12:57  [Login] (main:) InCorrect POP
2018-07-30 10:13:32  [Login] (main:) Enter Screen Shot
2018-07-30 10:15:27  [Login] (main:) InCorrect Toast Message
2018-07-30 10:18:30  [Login] (main:) # # # # # # # # # # # # # # # # # # # # # # # # # # # 
2018-07-30 10:18:30  [Login] (main:) TEST Has Started
2018-07-30 10:19:08  [Login] (main:) Correct UN Error Message
2018-07-30 10:19:09  [Login] (main:) Correct PASS Error Message
2018-07-30 10:19:40  [Login] (main:) Correct UN Error Message
2018-07-30 10:19:40  [Login] (main:) Correct PASS Error Message
2018-07-30 10:20:11  [Login] (main:) Correct
2018-07-30 10:20:12  [Login] (main:) Correct PASS Error Message
2018-07-30 10:20:44  [Login] (main:) Correct
2018-07-30 10:20:44  [Login] (main:) Correct PASS Error Message
2018-07-30 10:21:16  [Login] (main:) InCorrect POP
2018-07-30 10:21:47  [Login] (main:) Enter Screen Shot
2018-07-30 10:21:51  [Login] (main:) InCorrect Toast Message
2018-07-30 10:21:51  [Login] (main:) # # # # # # # # # # # # # # # # # # # # # # # # # # # 
2018-07-30 10:21:51  [Login] (main:) TEST Has Ended
2018-07-30 11:30:55  [Login] (main:) # # # # # # # # # # # # # # # # # # # # # # # # # # # 
2018-07-30 11:30:56  [Login] (main:) Registeration TEST Has Started
2018-07-30 11:34:44  [Login] (main:) Correct
2018-07-30 11:35:08  [Login] (main:) Correct
2018-07-30 11:35:21  [Login] (main:) Correct Email Error Message
2018-07-30 11:35:25  [Login] (main:) Correct Mobile Error Message
2018-07-30 11:35:30  [Login] (main:) Correct PASS Error Message
2018-07-30 11:35:52  [Login] (main:) # # # # # # # # # # # # # # # # # # # # # # # # # # # 
2018-07-30 11:35:52  [Login] (main:) Registeration TEST Has Ended
2018-07-30 11:37:17  [Login] (main:) # # # # # # # # # # # # # # # # # # # # # # # # # # # 
2018-07-30 11:37:17  [Login] (main:) Registeration TEST Has Started
2018-07-30 11:38:45  [Login] (main:) Correct
2018-07-30 11:38:45  [Login] (main:) Correct
2018-07-30 11:38:46  [Login] (main:) Correct Email Error Message
2018-07-30 11:38:47  [Login] (main:) Correct Mobile Error Message
2018-07-30 11:38:47  [Login] (main:) Correct PASS Error Message
2018-07-30 11:38:50  [Login] (main:) # # # # # # # # # # # # # # # # # # # # # # # # # # # 
2018-07-30 11:38:50  [Login] (main:) Registeration TEST Has Ended
2018-07-30 11:40:04  [Login] (main:) # # # # # # # # # # # # # # # # # # # # # # # # # # # 
2018-07-30 11:40:04  [Login] (main:) Registeration TEST Has Started
2018-07-30 11:41:23  [Login] (main:) Correct
2018-07-30 11:41:24  [Login] (main:) Correct
2018-07-30 11:41:24  [Login] (main:) Correct Email Error Message
2018-07-30 11:41:24  [Login] (main:) Correct Mobile Error Message
2018-07-30 11:41:24  [Login] (main:) Correct PASS Error Message
2018-07-30 11:41:28  [Login] (main:) # # # # # # # # # # # # # # # # # # # # # # # # # # # 
2018-07-30 11:41:28  [Login] (main:) Registeration TEST Has Ended
2018-07-30 11:52:19  [Login] (main:) # # # # # # # # # # # # # # # # # # # # # # # # # # # 
2018-07-30 11:52:19  [Login] (main:) Registeration TEST Has Started
2018-07-30 11:53:48  [Login] (main:) Correct
2018-07-30 11:53:48  [Login] (main:) Correct
2018-07-30 11:53:49  [Login] (main:) Correct Email Error Message
2018-07-30 11:53:49  [Login] (main:) Correct Mobile Error Message
2018-07-30 11:53:49  [Login] (main:) Correct PASS Error Message
2018-07-30 12:05:07  [Login] (main:) # # # # # # # # # # # # # # # # # # # # # # # # # # # 
2018-07-30 12:05:07  [Login] (main:) Registeration TEST Has Started
2018-07-30 12:06:27  [Login] (main:) # # # # # # # # # # # # # # # # # # # # # # # # # # # 
2018-07-30 12:06:27  [Login] (main:) Registeration TEST Has Started
2018-07-30 12:08:04  [Login] (main:) # # # # # # # # # # # # # # # # # # # # # # # # # # # 
2018-07-30 12:08:04  [Login] (main:) Registeration TEST Has Started
2018-07-30 12:09:29  [Login] (main:) Correct
2018-07-30 12:09:29  [Login] (main:) Correct
2018-07-30 12:09:30  [Login] (main:) Correct Email Error Message
2018-07-30 12:09:30  [Login] (main:) Correct Mobile Error Message
2018-07-30 12:09:31  [Login] (main:) Correct PASS Error Message
2018-07-30 12:09:42  [Login] (main:) # # # # # # # # # # # # # # # # # # # # # # # # # # # 
2018-07-30 12:09:42  [Login] (main:) Registeration TEST Has Ended
2018-07-30 12:12:57  [Login] (main:) # # # # # # # # # # # # # # # # # # # # # # # # # # # 
2018-07-30 12:12:58  [Login] (main:) Registeration TEST Has Started
2018-07-30 12:14:59  [Login] (main:) Correct
2018-07-30 12:14:59  [Login] (main:) Correct
2018-07-30 12:15:00  [Login] (main:) Correct Email Error Message
2018-07-30 12:15:00  [Login] (main:) Correct Mobile Error Message
2018-07-30 12:15:01  [Login] (main:) Correct PASS Error Message
2018-07-30 12:16:35  [Login] (main:) InCorrect FN Error Message
2018-07-30 12:16:35  [Login] (main:) InCorrect LN Error Message
2018-07-30 12:16:35  [Login] (main:) Correct Email Error Message
2018-07-30 12:16:36  [Login] (main:) Correct Mobile Error Message
2018-07-30 12:16:37  [Login] (main:) Correct PASS Error Message
2018-07-30 13:43:45  [Login] (main:) # # # # # # # # # # # # # # # # # # # # # # # # # # # 
2018-07-30 13:43:45  [Login] (main:) Registeration TEST Has Started
2018-07-30 13:43:49  [Login] (main:) # # # # # # # # # # # # # # # # # # # # # # # # # # # 
2018-07-30 13:43:49  [Login] (main:) Registeration TEST Has Ended
2018-07-30 13:44:46  [Login] (main:) # # # # # # # # # # # # # # # # # # # # # # # # # # # 
2018-07-30 13:44:46  [Login] (main:) Registeration TEST Has Started
2018-07-30 13:46:58  [Login] (main:) Correct
2018-07-30 13:46:58  [Login] (main:) Correct
2018-07-30 13:46:58  [Login] (main:) Correct Email Error Message
2018-07-30 13:46:59  [Login] (main:) Correct Mobile Error Message
2018-07-30 13:46:59  [Login] (main:) Correct PASS Error Message
2018-07-30 13:51:37  [Login] (main:) # # # # # # # # # # # # # # # # # # # # # # # # # # # 
2018-07-30 13:51:37  [Login] (main:) Registeration TEST Has Started
2018-07-30 13:54:43  [Login] (main:) # # # # # # # # # # # # # # # # # # # # # # # # # # # 
2018-07-30 13:54:43  [Login] (main:) Registeration TEST Has Started
2018-07-30 13:56:16  [Login] (main:) InCorrect FN Error Message
2018-07-30 13:56:16  [Login] (main:) InCorrect LN Error Message
2018-07-30 13:56:16  [Login] (main:) Correct Email Error Message
2018-07-30 13:56:17  [Login] (main:) Correct Mobile Error Message
2018-07-30 13:56:18  [Login] (main:) Correct PASS Error Message
2018-07-30 13:56:50  [Login] (main:) # # # # # # # # # # # # # # # # # # # # # # # # # # # 
2018-07-30 13:56:50  [Login] (main:) Registeration TEST Has Ended
2018-07-30 13:57:51  [Login] (main:) # # # # # # # # # # # # # # # # # # # # # # # # # # # 
2018-07-30 13:57:51  [Login] (main:) Registeration TEST Has Started
2018-07-30 13:59:38  [Login] (main:) InCorrect FN Error Message
2018-07-30 13:59:38  [Login] (main:) InCorrect LN Error Message
2018-07-30 13:59:39  [Login] (main:) Correct Email Error Message
2018-07-30 13:59:39  [Login] (main:) Correct Mobile Error Message
2018-07-30 13:59:40  [Login] (main:) Correct PASS Error Message
2018-07-30 14:01:22  [Login] (main:) Correct
2018-07-30 14:01:23  [Login] (main:) Correct
2018-07-30 14:01:24  [Login] (main:) Correct Email Error Message
2018-07-30 14:01:25  [Login] (main:) Correct Mobile Error Message
2018-07-30 14:01:25  [Login] (main:) Correct PASS Error Message
2018-07-30 14:03:15  [Login] (main:) InCorrect POP
2018-07-30 14:06:07  [Login] (main:) Enter Screen Shot
2018-07-30 14:06:56  [Login] (main:) InCorrect Toast Message
2018-07-30 14:06:58  [Login] (main:) # # # # # # # # # # # # # # # # # # # # # # # # # # # 
2018-07-30 14:06:58  [Login] (main:) Registeration TEST Has Ended
2018-07-30 14:10:24  [Login] (main:) # # # # # # # # # # # # # # # # # # # # # # # # # # # 
2018-07-30 14:10:24  [Login] (main:) Registeration TEST Has Started
2018-07-30 14:15:12  [Login] (main:) # # # # # # # # # # # # # # # # # # # # # # # # # # # 
2018-07-30 14:15:12  [Login] (main:) Registeration TEST Has Started
2018-07-30 14:17:11  [Login] (main:) InCorrect FN Error Message
2018-07-30 14:17:12  [Login] (main:) InCorrect LN Error Message
2018-07-30 14:17:13  [Login] (main:) Correct Email Error Message
2018-07-30 14:17:13  [Login] (main:) Correct Mobile Error Message
2018-07-30 14:17:13  [Login] (main:) Correct PASS Error Message
2018-07-30 14:19:43  [Login] (main:) Correct
2018-07-30 14:19:43  [Login] (main:) Correct
2018-07-30 14:19:44  [Login] (main:) Correct Email Error Message
2018-07-30 14:19:44  [Login] (main:) Correct Mobile Error Message
2018-07-30 14:19:47  [Login] (main:) Correct PASS Error Message
2018-07-30 14:22:10  [Login] (main:) # # # # # # # # # # # # # # # # # # # # # # # # # # # 
2018-07-30 14:22:10  [Login] (main:) Registeration TEST Has Started
2018-07-30 14:24:11  [Login] (main:) InCorrect FN Error Message
2018-07-30 14:24:11  [Login] (main:) InCorrect LN Error Message
2018-07-30 14:24:12  [Login] (main:) Correct Email Error Message
2018-07-30 14:24:12  [Login] (main:) Correct Mobile Error Message
2018-07-30 14:24:12  [Login] (main:) Correct PASS Error Message
2018-07-30 14:26:09  [Login] (main:) Correct
2018-07-30 14:26:09  [Login] (main:) Correct
2018-07-30 14:26:09  [Login] (main:) Correct Email Error Message
2018-07-30 14:26:10  [Login] (main:) Correct Mobile Error Message
2018-07-30 14:26:10  [Login] (main:) Correct PASS Error Message
2018-07-30 14:28:04  [Login] (main:) InCorrect POP
2018-07-30 14:30:13  [Login] (main:) Enter Screen Shot
2018-07-30 14:30:16  [Login] (main:) InCorrect Toast Message
2018-07-30 14:31:31  [Login] (main:) # # # # # # # # # # # # # # # # # # # # # # # # # # # 
2018-07-30 14:31:31  [Login] (main:) Registeration TEST Has Ended
2018-07-30 14:35:50  [Login] (main:) # # # # # # # # # # # # # # # # # # # # # # # # # # # 
2018-07-30 14:35:50  [Login] (main:) Registeration TEST Has Started
2018-07-30 14:37:21  [Login] (main:) InCorrect FN Error Message
2018-07-30 14:37:22  [Login] (main:) InCorrect LN Error Message
2018-07-30 14:37:24  [Login] (main:) Correct Email Error Message
2018-07-30 14:37:24  [Login] (main:) Correct Mobile Error Message
2018-07-30 14:37:24  [Login] (main:) Correct PASS Error Message
2018-07-30 14:38:47  [Login] (main:) Correct
2018-07-30 14:38:48  [Login] (main:) Correct
2018-07-30 14:38:49  [Login] (main:) Correct Email Error Message
2018-07-30 14:38:49  [Login] (main:) Correct Mobile Error Message
2018-07-30 14:38:49  [Login] (main:) Correct PASS Error Message
2018-07-30 14:40:17  [Login] (main:) InCorrect POP
2018-07-30 14:41:47  [Login] (main:) Enter Screen Shot
2018-07-30 14:41:51  [Login] (main:) InCorrect Toast Message
2018-07-30 14:41:51  [Login] (main:) # # # # # # # # # # # # # # # # # # # # # # # # # # # 
2018-07-30 14:41:51  [Login] (main:) Registeration TEST Has Ended
2018-07-30 14:46:11  [Login] (main:) # # # # # # # # # # # # # # # # # # # # # # # # # # # 
2018-07-30 14:46:11  [Login] (main:) Registeration TEST Has Started
2018-07-30 14:50:42  [Login] (main:) InCorrect FN Error Message
2018-07-30 14:50:47  [Login] (main:) InCorrect LN Error Message
2018-07-30 14:57:29  [Login] (main:) # # # # # # # # # # # # # # # # # # # # # # # # # # # 
2018-07-30 14:57:29  [Login] (main:) Registeration TEST Has Started
2018-07-30 14:59:28  [Login] (main:) InCorrect FN Error Message
2018-07-30 14:59:55  [Login] (main:) InCorrect LN Error Message
2018-07-30 15:00:02  [Login] (main:) Correct Email Error Message
2018-07-30 15:00:06  [Login] (main:) Correct Mobile Error Message
2018-07-30 15:00:09  [Login] (main:) Correct PASS Error Message
2018-07-30 15:05:38  [Login] (main:) Correct
2018-07-30 15:05:38  [Login] (main:) Correct
2018-07-30 15:05:38  [Login] (main:) InCorrect Email Error Message
2018-07-30 15:05:38  [Login] (main:) InCorrect Mobile Error Message
2018-07-30 15:05:38  [Login] (main:) InCorrect PASS Error Message
2018-07-30 15:05:40  [Login] (main:) # # # # # # # # # # # # # # # # # # # # # # # # # # # 
2018-07-30 15:05:40  [Login] (main:) Registeration TEST Has Ended
2018-07-30 15:06:58  [Login] (main:) # # # # # # # # # # # # # # # # # # # # # # # # # # # 
2018-07-30 15:06:58  [Login] (main:) Registeration TEST Has Started
2018-07-30 15:08:31  [Login] (main:) InCorrect FN Error Message
2018-07-30 15:08:31  [Login] (main:) InCorrect LN Error Message
2018-07-30 15:08:31  [Login] (main:) Correct Email Error Message
2018-07-30 15:08:32  [Login] (main:) Correct Mobile Error Message
2018-07-30 15:08:33  [Login] (main:) Correct PASS Error Message
2018-07-30 15:09:56  [Login] (main:) Correct
2018-07-30 15:09:57  [Login] (main:) Correct
2018-07-30 15:09:57  [Login] (main:) Correct Email Error Message
2018-07-30 15:09:57  [Login] (main:) Correct Mobile Error Message
2018-07-30 15:09:58  [Login] (main:) Correct PASS Error Message
2018-07-30 15:12:41  [Login] (main:) InCorrect POP
2018-07-30 15:12:45  [Login] (main:) # # # # # # # # # # # # # # # # # # # # # # # # # # # 
2018-07-30 15:12:45  [Login] (main:) Registeration TEST Has Ended
2018-07-30 15:13:22  [Login] (main:) # # # # # # # # # # # # # # # # # # # # # # # # # # # 
2018-07-30 15:13:22  [Login] (main:) Registeration TEST Has Started
2018-07-30 15:14:55  [Login] (main:) InCorrect FN Error Message
2018-07-30 15:14:55  [Login] (main:) InCorrect LN Error Message
2018-07-30 15:14:55  [Login] (main:) Correct Email Error Message
2018-07-30 15:14:56  [Login] (main:) Correct Mobile Error Message
2018-07-30 15:14:56  [Login] (main:) Correct PASS Error Message
2018-07-30 15:16:26  [Login] (main:) Correct
2018-07-30 15:16:26  [Login] (main:) Correct
2018-07-30 15:16:26  [Login] (main:) Correct Email Error Message
2018-07-30 15:16:26  [Login] (main:) Correct Mobile Error Message
2018-07-30 15:16:28  [Login] (main:) Correct PASS Error Message
2018-07-30 15:18:14  [Login] (main:) InCorrect POP
2018-07-30 15:35:13  [Login] (main:) # # # # # # # # # # # # # # # # # # # # # # # # # # # 
2018-07-30 15:35:13  [Login] (main:) Registeration TEST Has Started
2018-07-30 15:35:19  [Login] (main:) # # # # # # # # # # # # # # # # # # # # # # # # # # # 
2018-07-30 15:35:19  [Login] (main:) Registeration TEST Has Ended
2018-07-30 15:36:10  [Login] (main:) # # # # # # # # # # # # # # # # # # # # # # # # # # # 
2018-07-30 15:36:10  [Login] (main:) Registeration TEST Has Started
2018-07-30 15:37:34  [Login] (main:) InCorrect FN Error Message
2018-07-30 15:37:34  [Login] (main:) InCorrect LN Error Message
2018-07-30 15:37:34  [Login] (main:) Correct Email Error Message
2018-07-30 15:37:35  [Login] (main:) Correct Mobile Error Message
2018-07-30 15:37:35  [Login] (main:) Correct PASS Error Message
2018-07-30 15:39:03  [Login] (main:) Correct
2018-07-30 15:39:03  [Login] (main:) Correct
2018-07-30 15:39:04  [Login] (main:) Correct Email Error Message
2018-07-30 15:39:04  [Login] (main:) Correct Mobile Error Message
2018-07-30 15:39:04  [Login] (main:) Correct PASS Error Message
2018-07-30 15:41:05  [Login] (main:) InCorrect POP
2018-07-30 15:42:45  [Login] (main:) Enter Screen Shot
2018-07-30 15:42:48  [Login] (main:) InCorrect Toast Message
2018-07-30 15:42:50  [Login] (main:) # # # # # # # # # # # # # # # # # # # # # # # # # # # 
2018-07-30 15:42:50  [Login] (main:) Registeration TEST Has Ended
2018-07-30 15:45:02  [Login] (main:) # # # # # # # # # # # # # # # # # # # # # # # # # # # 
2018-07-30 15:45:02  [Login] (main:) Registeration TEST Has Started
2018-07-30 15:46:27  [Login] (main:) InCorrect FN Error Message
2018-07-30 15:46:28  [Login] (main:) InCorrect LN Error Message
2018-07-30 15:46:29  [Login] (main:) Correct Email Error Message
2018-07-30 15:46:29  [Login] (main:) Correct Mobile Error Message
2018-07-30 15:46:29  [Login] (main:) Correct PASS Error Message
2018-07-30 15:47:57  [Login] (main:) Correct
2018-07-30 15:47:57  [Login] (main:) Correct
2018-07-30 15:47:57  [Login] (main:) Correct Email Error Message
2018-07-30 15:47:58  [Login] (main:) Correct Mobile Error Message
2018-07-30 15:47:58  [Login] (main:) Correct PASS Error Message
2018-07-30 15:49:36  [Login] (main:) InCorrect POP
2018-07-30 15:51:04  [Login] (main:) Enter Screen Shot
2018-07-30 15:51:08  [Login] (main:) InCorrect Toast Message
2018-07-30 15:51:08  [Login] (main:) # # # # # # # # # # # # # # # # # # # # # # # # # # # 
2018-07-30 15:51:08  [Login] (main:) Registeration TEST Has Ended
2018-07-30 15:56:16  [Login] (main:) # # # # # # # # # # # # # # # # # # # # # # # # # # # 
2018-07-30 15:56:16  [Login] (main:) Registeration TEST Has Started
2018-07-30 15:57:39  [Login] (main:) InCorrect FN Error Message
2018-07-30 15:57:39  [Login] (main:) InCorrect LN Error Message
2018-07-30 15:57:40  [Login] (main:) Correct Email Error Message
2018-07-30 15:57:40  [Login] (main:) Correct Mobile Error Message
2018-07-30 15:57:40  [Login] (main:) Correct PASS Error Message
2018-07-30 15:59:04  [Login] (main:) Correct
2018-07-30 15:59:04  [Login] (main:) Correct
2018-07-30 15:59:05  [Login] (main:) Correct Email Error Message
2018-07-30 15:59:05  [Login] (main:) Correct Mobile Error Message
2018-07-30 15:59:05  [Login] (main:) Correct PASS Error Message
2018-07-30 16:00:31  [Login] (main:) InCorrect POP Error Message
2018-07-30 16:02:03  [Login] (main:) InCorrect POP
2018-07-30 16:03:32  [Login] (main:) Enter Screen Shot
2018-07-30 16:03:36  [Login] (main:) InCorrect Toast Message
2018-07-30 16:03:36  [Login] (main:) # # # # # # # # # # # # # # # # # # # # # # # # # # # 
2018-07-30 16:03:36  [Login] (main:) Registeration TEST Has Ended
2018-07-30 16:18:22  [Login] (main:) # # # # # # # # # # # # # # # # # # # # # # # # # # # 
2018-07-30 16:18:22  [Login] (main:) Registeration TEST Has Started 2018/07/30 16:18:22
2018-07-30 16:19:40  [Login] (main:) InCorrect FN Error Message
2018-07-30 16:19:41  [Login] (main:) InCorrect LN Error Message
2018-07-30 16:19:41  [Login] (main:) Correct Email Error Message
2018-07-30 16:19:41  [Login] (main:) Correct Mobile Error Message
2018-07-30 16:19:41  [Login] (main:) Correct PASS Error Message
2018-07-30 16:21:04  [Login] (main:) InCorrect FN Error Message
2018-07-30 16:21:04  [Login] (main:) Correct
2018-07-30 16:21:04  [Login] (main:) Correct Email Error Message
2018-07-30 16:21:05  [Login] (main:) Correct Mobile Error Message
2018-07-30 16:21:06  [Login] (main:) Correct PASS Error Message
2018-07-30 16:22:33  [Login] (main:) InCorrect POP
2018-07-30 16:23:58  [Login] (main:) InCorrect POP
2018-07-30 16:25:24  [Login] (main:) Enter Screen Shot
2018-07-30 16:25:27  [Login] (main:) InCorrect Toast Message
2018-07-30 16:25:27  [Login] (main:) # # # # # # # # # # # # # # # # # # # # # # # # # # # 
2018-07-30 16:25:27  [Login] (main:) Registeration TEST Has Ended 2018/07/30 16:25:27
2018-07-30 16:27:12  [Login] (main:) # # # # # # # # # # # # # # # # # # # # # # # # # # # 
2018-07-30 16:27:12  [Login] (main:) Registeration TEST Has Started 2018/07/30 16:27:12
2018-07-30 16:28:39  [Login] (main:) InCorrect FN Error Message
2018-07-30 16:28:40  [Login] (main:) InCorrect LN Error Message
2018-07-30 16:28:40  [Login] (main:) Correct Email Error Message
2018-07-30 16:28:42  [Login] (main:) Correct Mobile Error Message
2018-07-30 16:28:42  [Login] (main:) Correct PASS Error Message
2018-07-30 16:30:02  [Login] (main:) Correct
2018-07-30 16:30:03  [Login] (main:) Correct
2018-07-30 16:30:03  [Login] (main:) Correct Email Error Message
2018-07-30 16:30:03  [Login] (main:) Correct Mobile Error Message
2018-07-30 16:30:04  [Login] (main:) Correct PASS Error Message
2018-07-30 16:31:34  [Login] (main:) InCorrect POP
2018-07-30 16:32:59  [Login] (main:) InCorrect POP
2018-07-30 16:34:19  [Login] (main:) Enter Screen Shot
2018-07-30 16:34:27  [Login] (main:) InCorrect Toast Message
2018-07-30 16:34:27  [Login] (main:) # # # # # # # # # # # # # # # # # # # # # # # # # # # 
2018-07-30 16:34:27  [Login] (main:) Registeration TEST Has Ended 2018/07/30 16:34:27
2018-07-30 16:36:59  [Login] (main:) # # # # # # # # # # # # # # # # # # # # # # # # # # # 
2018-07-30 16:36:59  [Login] (main:) Registeration TEST Has Started 2018/07/30 16:36:59
2018-07-30 16:38:23  [Login] (main:) InCorrect FN Error Message
2018-07-30 16:38:23  [Login] (main:) InCorrect LN Error Message
2018-07-30 16:38:23  [Login] (main:) Correct Email Error Message
2018-07-30 16:38:23  [Login] (main:) Correct Mobile Error Message
2018-07-30 16:38:24  [Login] (main:) Correct PASS Error Message
2018-07-30 16:39:49  [Login] (main:) Correct
2018-07-30 16:39:49  [Login] (main:) Correct
2018-07-30 16:39:50  [Login] (main:) Correct Email Error Message
2018-07-30 16:39:51  [Login] (main:) Correct Mobile Error Message
2018-07-30 16:39:52  [Login] (main:) Correct PASS Error Message
2018-07-30 16:41:25  [Login] (main:) Enter Screen Shot
2018-07-30 16:41:30  [Login] (main:) Correct Toast Message
2018-07-30 16:42:55  [Login] (main:) Enter Screen Shot
2018-07-30 16:43:00  [Login] (main:) Correct Toast Message
2018-07-30 16:44:23  [Login] (main:) Enter Screen Shot
2018-07-30 16:44:28  [Login] (main:) InCorrect Toast Message
2018-07-30 16:44:28  [Login] (main:) # # # # # # # # # # # # # # # # # # # # # # # # # # # 
2018-07-30 16:44:28  [Login] (main:) Registeration TEST Has Ended 2018/07/30 16:44:28
2018-07-30 16:50:16  [Login] (main:) # # # # # # # # # # # # # # # # # # # # # # # # # # # 
2018-07-30 16:50:16  [Login] (main:) Registeration TEST Has Started 2018/07/30 16:50:16
2018-07-30 16:51:40  [Login] (main:) Enter Screen Shot
2018-07-30 16:51:46  [Login] (main:) InCorrect Toast Message
2018-07-30 16:51:46  [Login] (main:) # # # # # # # # # # # # # # # # # # # # # # # # # # # 
2018-07-30 16:51:46  [Login] (main:) Registeration TEST Has Ended 2018/07/30 16:51:46
2018-07-30 16:52:46  [Login] (main:) # # # # # # # # # # # # # # # # # # # # # # # # # # # 
2018-07-30 16:52:46  [Login] (main:) Registeration TEST Has Started 2018/07/30 16:52:46
2018-07-30 16:54:06  [Login] (main:) Enter Screen Shot
2018-07-30 16:54:13  [Login] (main:) InCorrect Toast Message
2018-07-30 16:54:13  [Login] (main:) # # # # # # # # # # # # # # # # # # # # # # # # # # # 
2018-07-30 16:54:13  [Login] (main:) Registeration TEST Has Ended 2018/07/30 16:54:13
2018-07-30 16:56:30  [Login] (main:) # # # # # # # # # # # # # # # # # # # # # # # # # # # 
2018-07-30 16:56:30  [Login] (main:) Registeration TEST Has Started 2018/07/30 16:56:30
2018-07-30 16:57:52  [Login] (main:) Enter Screen Shot
2018-08-01 14:09:20  [Login] (main:) # # # # # # # # # # # # # # # # # # # # # # # # # # # 
2018-08-01 14:09:20  [Login] (main:) Login TEST Has Started
2018-08-01 14:09:54  [Login] (main:) Correct UN Error Message
2018-08-01 14:09:55  [Login] (main:) Correct PASS Error Message
2018-08-01 14:10:34  [Login] (main:) Correct UN Error Message
2018-08-01 14:10:35  [Login] (main:) Correct PASS Error Message
2018-08-01 14:11:09  [Login] (main:) Correct
2018-08-01 14:11:09  [Login] (main:) Correct PASS Error Message
2018-08-01 14:11:42  [Login] (main:) Correct
2018-08-01 14:11:42  [Login] (main:) Correct PASS Error Message
2018-08-01 14:12:14  [Login] (main:) InCorrect POP
2018-08-01 14:12:45  [Login] (main:) Enter Screen Shot
2018-08-01 14:12:52  [Login] (main:) # # # # # # # # # # # # # # # # # # # # # # # # # # # 
2018-08-01 14:12:52  [Login] (main:) Login TEST Has Ended
2018-08-07 10:25:04  [Login] (main:) # # # # # # # # # # # # # # # # # # # # # # # # # # # 
2018-08-07 10:25:04  [Login] (main:) Login TEST Has Started
2018-08-07 10:25:34  [Login] (main:) Correct UN Error Message
2018-08-07 10:25:34  [Login] (main:) Correct PASS Error Message
2018-08-07 10:26:01  [Login] (main:) Correct UN Error Message
2018-08-07 10:26:01  [Login] (main:) Correct PASS Error Message
2018-08-07 10:26:29  [Login] (main:) Correct
2018-08-07 10:26:29  [Login] (main:) Correct PASS Error Message
2018-08-07 10:26:55  [Login] (main:) Correct
2018-08-07 10:26:56  [Login] (main:) Correct PASS Error Message
2018-08-07 10:27:33  [Login] (main:) InCorrect POP Message
2018-08-07 10:28:04  [Login] (main:) Enter Screen Shot
2018-08-07 10:28:13  [Login] (main:) InCorrect Toast Message
2018-08-07 10:28:13  [Login] (main:) # # # # # # # # # # # # # # # # # # # # # # # # # # # 
2018-08-07 10:28:13  [Login] (main:) Login TEST Has Ended
2018-08-07 10:35:16  [Login] (main:) # # # # # # # # # # # # # # # # # # # # # # # # # # # 
2018-08-07 10:35:16  [Login] (main:) Registeration TEST Has Started 2018/08/07 10:35:16
2018-08-07 10:35:19  [Login] (main:) # # # # # # # # # # # # # # # # # # # # # # # # # # # 
2018-08-07 10:35:19  [Login] (main:) Registeration TEST Has Ended 2018/08/07 10:35:19
2018-08-07 10:36:30  [Login] (main:) # # # # # # # # # # # # # # # # # # # # # # # # # # # 
2018-08-07 10:36:30  [Login] (main:) Registeration TEST Has Started 2018/08/07 10:36:25
2018-08-07 10:37:00  [Login] (main:) # # # # # # # # # # # # # # # # # # # # # # # # # # # 
2018-08-07 10:37:00  [Login] (main:) Registeration TEST Has Ended 2018/08/07 10:37:00
2018-08-07 10:40:12  [Login] (main:) # # # # # # # # # # # # # # # # # # # # # # # # # # # 
2018-08-07 10:40:13  [Login] (main:) Registeration TEST Has Started 2018/08/07 10:40:01
2018-08-07 10:42:03  [Login] (main:) # # # # # # # # # # # # # # # # # # # # # # # # # # # 
2018-08-07 10:42:03  [Login] (main:) Registeration TEST Has Started 2018/08/07 10:42:00
2018-08-07 10:43:24  [Login] (main:) Enter Screen Shot
2018-08-07 10:43:31  [Login] (main:) InCorrect Toast Message
2018-08-07 10:43:31  [Login] (main:) # # # # # # # # # # # # # # # # # # # # # # # # # # # 
2018-08-07 10:43:31  [Login] (main:) Registeration TEST Has Ended 2018/08/07 10:43:31
2018-08-07 10:46:29  [Login] (main:) # # # # # # # # # # # # # # # # # # # # # # # # # # # 
2018-08-07 10:46:29  [Login] (main:) Registeration TEST Has Started 2018/08/07 10:46:26
2018-08-07 10:47:41  [Login] (main:) Enter Screen Shot
2018-08-07 10:47:48  [Login] (main:) InCorrect Toast Message
2018-08-07 10:47:48  [Login] (main:) # # # # # # # # # # # # # # # # # # # # # # # # # # # 
2018-08-07 10:47:48  [Login] (main:) Registeration TEST Has Ended 2018/08/07 10:47:48
2018-08-07 10:50:28  [Login] (main:) # # # # # # # # # # # # # # # # # # # # # # # # # # # 
2018-08-07 10:50:30  [Login] (main:) Registeration TEST Has Started 2018/08/07 10:50:25
2018-08-07 10:51:46  [Login] (main:) Enter Screen Shot
2018-08-07 10:51:53  [Login] (main:) InCorrect Toast Message
2018-08-07 10:53:13  [Login] (main:) Enter Screen Shot
2018-08-07 10:53:20  [Login] (main:) InCorrect Toast Message
2018-08-07 10:53:20  [Login] (main:) # # # # # # # # # # # # # # # # # # # # # # # # # # # 
2018-08-07 10:53:20  [Login] (main:) Registeration TEST Has Ended 2018/08/07 10:53:20
2018-08-08 08:31:45  [Login] (main:) # # # # # # # # # # # # # # # # # # # # # # # # # # # 
2018-08-08 08:31:45  [Login] (main:) Login TEST Has Started
2018-08-08 08:31:49  [Login] (main:) # # # # # # # # # # # # # # # # # # # # # # # # # # # 
2018-08-08 08:31:49  [Login] (main:) Registeration TEST Has Started 2018/08/08 08:31:49
2018-08-08 08:32:44  [Login] (main:) # # # # # # # # # # # # # # # # # # # # # # # # # # # 
2018-08-08 08:32:44  [Login] (main:) Login TEST Has Ended
2018-08-08 08:32:44  [Login] (main:) # # # # # # # # # # # # # # # # # # # # # # # # # # # 
2018-08-08 08:32:44  [Login] (main:) Registeration TEST Has Ended 2018/08/08 08:32:44
2018-08-08 09:05:23  [Login] (main:) # # # # # # # # # # # # # # # # # # # # # # # # # # # 
2018-08-08 09:05:23  [Login] (main:) Login TEST Has Started
2018-08-08 09:05:26  [Login] (main:) # # # # # # # # # # # # # # # # # # # # # # # # # # # 
2018-08-08 09:05:26  [Login] (main:) Registeration TEST Has Started 2018/08/08 09:05:26
2018-08-08 09:06:17  [Login] (main:) # # # # # # # # # # # # # # # # # # # # # # # # # # # 
2018-08-08 09:06:17  [Login] (main:) Login TEST Has Ended
2018-08-08 09:06:17  [Login] (main:) # # # # # # # # # # # # # # # # # # # # # # # # # # # 
2018-08-08 09:06:17  [Login] (main:) Registeration TEST Has Ended 2018/08/08 09:06:17
2018-08-08 09:18:26  [Login] (main:) # # # # # # # # # # # # # # # # # # # # # # # # # # # 
2018-08-08 09:18:26  [Login] (main:) Login TEST Has Started
2018-08-08 09:18:34  [Login] (main:) # # # # # # # # # # # # # # # # # # # # # # # # # # # 
2018-08-08 09:18:36  [Login] (main:) Registeration TEST Has Started 2018/08/08 09:18:29
2018-08-08 09:35:52  [Login] (main:) # # # # # # # # # # # # # # # # # # # # # # # # # # # 
2018-08-08 09:35:52  [Login] (main:) Login TEST Has Ended
2018-08-08 09:35:52  [Login] (main:) # # # # # # # # # # # # # # # # # # # # # # # # # # # 
2018-08-08 09:35:52  [Login] (main:) Registeration TEST Has Ended 2018/08/08 09:35:52
2018-08-08 09:36:08  [Login] (main:) # # # # # # # # # # # # # # # # # # # # # # # # # # # 
2018-08-08 09:36:08  [Login] (main:) Login TEST Has Started
2018-08-08 09:36:38  [Login] (main:) Correct UN Error Message
2018-08-08 09:36:39  [Login] (main:) Correct PASS Error Message
2018-08-08 09:37:04  [Login] (main:) Correct UN Error Message
2018-08-08 09:37:05  [Login] (main:) Correct PASS Error Message
2018-08-08 09:37:32  [Login] (main:) Correct
2018-08-08 09:37:32  [Login] (main:) Correct PASS Error Message
2018-08-08 09:37:57  [Login] (main:) Correct
2018-08-08 09:37:57  [Login] (main:) Correct PASS Error Message
2018-08-08 09:38:30  [Login] (main:) InCorrect POP Message
2018-08-08 09:38:59  [Login] (main:) Enter Screen Shot
2018-08-08 09:39:06  [Login] (main:) InCorrect Toast Message
2018-08-08 09:39:06  [Login] (main:) # # # # # # # # # # # # # # # # # # # # # # # # # # # 
2018-08-08 09:39:06  [Login] (main:) Login TEST Has Ended
2018-08-08 09:42:29  [Login] (main:) # # # # # # # # # # # # # # # # # # # # # # # # # # # 
2018-08-08 09:42:29  [Login] (main:) Login TEST Has Started
2018-08-08 09:42:32  [Login] (main:) # # # # # # # # # # # # # # # # # # # # # # # # # # # 
2018-08-08 09:42:32  [Login] (main:) Registeration TEST Has Started 2018/08/08 09:42:32
2018-08-08 09:43:40  [Login] (main:) Enter Screen Shot
2018-08-08 09:43:45  [Login] (main:) InCorrect Toast Message
2018-08-08 09:44:54  [Login] (main:) Enter Screen Shot
2018-08-08 09:44:59  [Login] (main:) InCorrect Toast Message
2018-08-08 09:44:59  [Login] (main:) # # # # # # # # # # # # # # # # # # # # # # # # # # # 
2018-08-08 09:44:59  [Login] (main:) Login TEST Has Ended
2018-08-08 09:44:59  [Login] (main:) # # # # # # # # # # # # # # # # # # # # # # # # # # # 
2018-08-08 09:44:59  [Login] (main:) Registeration TEST Has Ended 2018/08/08 09:44:59
2018-08-08 10:09:41  [Login] (main:) # # # # # # # # # # # # # # # # # # # # # # # # # # # 
2018-08-08 10:09:41  [Login] (main:) Login TEST Has Started
2018-08-08 10:10:11  [Login] (main:) Correct UN Error Message
2018-08-08 10:10:11  [Login] (main:) Correct PASS Error Message
2018-08-08 10:10:36  [Login] (main:) Correct UN Error Message
2018-08-08 10:10:36  [Login] (main:) Correct PASS Error Message
2018-08-08 10:11:03  [Login] (main:) Correct
2018-08-08 10:11:04  [Login] (main:) Correct PASS Error Message
2018-08-08 10:11:29  [Login] (main:) Correct
2018-08-08 10:11:29  [Login] (main:) Correct PASS Error Message
2018-08-08 10:12:01  [Login] (main:) InCorrect POP Message
2018-08-08 10:12:29  [Login] (main:) Enter Screen Shot
2018-08-08 10:12:35  [Login] (main:) InCorrect Toast Message
2018-08-08 10:12:35  [Login] (main:) # # # # # # # # # # # # # # # # # # # # # # # # # # # 
2018-08-08 10:12:35  [Login] (main:) Login TEST Has Ended
2018-08-08 10:13:03  [Login] (main:) # # # # # # # # # # # # # # # # # # # # # # # # # # # 
2018-08-08 10:13:03  [Login] (main:) Registeration TEST Has Started 2018/08/08 10:13:03
2018-08-08 10:14:11  [Login] (main:) Enter Screen Shot
2018-08-08 10:14:18  [Login] (main:) InCorrect Toast Message
2018-08-08 10:15:27  [Login] (main:) Enter Screen Shot
2018-08-08 10:15:32  [Login] (main:) InCorrect Toast Message
2018-08-08 10:15:32  [Login] (main:) # # # # # # # # # # # # # # # # # # # # # # # # # # # 
2018-08-08 10:15:32  [Login] (main:) Registeration TEST Has Ended 2018/08/08 10:15:32
2018-08-08 10:17:14  [Login] (main:) # # # # # # # # # # # # # # # # # # # # # # # # # # # 
2018-08-08 10:17:14  [Login] (main:) Login TEST Has Started
2018-08-08 10:17:42  [Login] (main:) Correct UN Error Message
2018-08-08 10:17:42  [Login] (main:) Correct PASS Error Message
2018-08-08 10:18:09  [Login] (main:) Correct UN Error Message
2018-08-08 10:18:09  [Login] (main:) Correct PASS Error Message
2018-08-08 10:18:36  [Login] (main:) Correct
2018-08-08 10:18:36  [Login] (main:) Correct PASS Error Message
2018-08-08 10:19:01  [Login] (main:) Correct
2018-08-08 10:19:01  [Login] (main:) Correct PASS Error Message
2018-08-08 10:19:34  [Login] (main:) InCorrect POP Message
2018-08-08 10:20:03  [Login] (main:) Enter Screen Shot
2018-08-08 10:20:09  [Login] (main:) InCorrect Toast Message
2018-08-08 10:20:09  [Login] (main:) # # # # # # # # # # # # # # # # # # # # # # # # # # # 
2018-08-08 10:20:09  [Login] (main:) Login TEST Has Ended
2018-08-08 10:20:37  [Login] (main:) # # # # # # # # # # # # # # # # # # # # # # # # # # # 
2018-08-08 10:20:37  [Login] (main:) Registeration TEST Has Started 2018/08/08 10:20:37
2018-08-08 10:21:48  [Login] (main:) Enter Screen Shot
2018-08-08 10:21:54  [Login] (main:) InCorrect Toast Message
2018-08-08 10:22:07  [Login] (main:) # # # # # # # # # # # # # # # # # # # # # # # # # # # 
2018-08-08 10:22:07  [Login] (main:) Registeration TEST Has Ended 2018/08/08 10:22:07
2018-08-08 10:43:25  [Login] (main:) # # # # # # # # # # # # # # # # # # # # # # # # # # # 
2018-08-08 10:43:25  [Login] (main:) Login TEST Has Started
2018-08-08 10:43:54  [Login] (main:) Correct UN Error Message
2018-08-08 10:43:55  [Login] (main:) Correct PASS Error Message
2018-08-08 10:44:21  [Login] (main:) Correct UN Error Message
2018-08-08 10:44:21  [Login] (main:) Correct PASS Error Message
2018-08-08 10:44:48  [Login] (main:) Correct
2018-08-08 10:44:48  [Login] (main:) Correct PASS Error Message
2018-08-08 10:45:13  [Login] (main:) Correct
2018-08-08 10:45:14  [Login] (main:) Correct PASS Error Message
2018-08-08 10:45:45  [Login] (main:) InCorrect POP Message
2018-08-08 10:46:13  [Login] (main:) Enter Screen Shot
2018-08-08 10:46:20  [Login] (main:) InCorrect Toast Message
2018-08-08 10:46:20  [Login] (main:) # # # # # # # # # # # # # # # # # # # # # # # # # # # 
2018-08-08 10:46:20  [Login] (main:) Login TEST Has Ended
2018-08-08 11:27:43  [Login] (main:) # # # # # # # # # # # # # # # # # # # # # # # # # # # 
2018-08-08 11:27:43  [Login] (main:) Login TEST Has Started
2018-08-08 11:28:09  [Login] (main:) Correct UN Error Message
2018-08-08 11:28:09  [Login] (main:) Correct PASS Error Message
2018-08-08 11:28:33  [Login] (main:) Correct UN Error Message
2018-08-08 11:28:33  [Login] (main:) Correct PASS Error Message
2018-08-08 11:28:57  [Login] (main:) Correct
2018-08-08 11:28:58  [Login] (main:) Correct PASS Error Message
2018-08-08 11:29:22  [Login] (main:) Correct
2018-08-08 11:29:22  [Login] (main:) Correct PASS Error Message
2018-08-08 11:29:49  [Login] (main:) InCorrect POP Message
2018-08-08 11:30:15  [Login] (main:) Enter Screen Shot
2018-08-08 11:30:18  [Login] (main:) InCorrect Toast Message
2018-08-08 11:30:18  [Login] (main:) # # # # # # # # # # # # # # # # # # # # # # # # # # # 
2018-08-08 11:30:18  [Login] (main:) Login TEST Has Ended
2018-08-08 11:33:43  [Login] (TestNG-tests-1:) # # # # # # # # # # # # # # # # # # # # # # # # # # # 
2018-08-08 11:33:43  [Login] (TestNG-tests-1:) Login TEST Has Started
2018-08-08 11:34:09  [Login] (TestNG-tests-1:) Correct UN Error Message
2018-08-08 11:34:09  [Login] (TestNG-tests-1:) Correct PASS Error Message
2018-08-08 11:34:32  [Login] (TestNG-tests-1:) # # # # # # # # # # # # # # # # # # # # # # # # # # # 
2018-08-08 11:34:32  [Login] (TestNG-tests-1:) Login TEST Has Ended
2018-08-08 11:38:29  [Login] (TestNG-tests-2:) # # # # # # # # # # # # # # # # # # # # # # # # # # # 
2018-08-08 11:38:29  [Login] (TestNG-tests-2:) Registeration TEST Has Started 2018/08/08 11:38:29
2018-08-08 11:46:15  [Login] (TestNG-tests-1:) # # # # # # # # # # # # # # # # # # # # # # # # # # # 
2018-08-08 11:46:15  [Login] (TestNG-tests-1:) Login TEST Has Started
2018-08-08 11:46:46  [Login] (TestNG-tests-1:) # # # # # # # # # # # # # # # # # # # # # # # # # # # 
2018-08-08 11:46:46  [Login] (TestNG-tests-1:) Registeration TEST Has Started 2018/08/08 11:46:46
2018-08-08 11:46:50  [Login] (TestNG-tests-1:) # # # # # # # # # # # # # # # # # # # # # # # # # # # 
2018-08-08 11:46:50  [Login] (TestNG-tests-1:) Registeration TEST Has Ended 2018/08/08 11:46:50
2018-08-08 11:48:18  [Login] (TestNG-tests-1:) # # # # # # # # # # # # # # # # # # # # # # # # # # # 
2018-08-08 11:48:18  [Login] (TestNG-tests-1:) Registeration TEST Has Started 2018/08/08 11:48:18
2018-08-08 11:49:55  [Login] (TestNG-tests-1:) # # # # # # # # # # # # # # # # # # # # # # # # # # # 
2018-08-08 11:49:55  [Login] (TestNG-tests-1:) Registeration TEST Has Started 2018/08/08 11:49:55
2018-08-08 11:51:22  [Login] (TestNG-tests-1:) # # # # # # # # # # # # # # # # # # # # # # # # # # # 
2018-08-08 11:51:22  [Login] (TestNG-tests-1:) Registeration TEST Has Started 2018/08/08 11:51:22
2018-08-08 11:52:21  [Login] (TestNG-tests-1:) Enter Screen Shot
2018-08-08 11:52:24  [Login] (TestNG-tests-1:) InCorrect Toast Message
2018-08-08 11:53:24  [Login] (TestNG-tests-1:) Enter Screen Shot
2018-08-08 11:53:26  [Login] (TestNG-tests-1:) InCorrect Toast Message
2018-08-08 12:15:15  [Login] (TestNG-tests-2:) # # # # # # # # # # # # # # # # # # # # # # # # # # # 
2018-08-08 12:15:15  [Login] (TestNG-tests-2:) Registeration TEST Has Started 2018/08/08 12:15:15
2018-08-08 12:16:15  [Login] (TestNG-tests-2:) Enter Screen Shot
2018-08-08 12:16:18  [Login] (TestNG-tests-2:) InCorrect Toast Message
2018-08-08 12:17:18  [Login] (TestNG-tests-2:) Enter Screen Shot
2018-08-08 12:17:21  [Login] (TestNG-tests-2:) InCorrect Toast Message
2018-08-08 12:17:21  [Login] (TestNG-tests-2:) # # # # # # # # # # # # # # # # # # # # # # # # # # # 
2018-08-08 12:17:21  [Login] (TestNG-tests-2:) Registeration TEST Has Ended 2018/08/08 12:17:21
2018-08-08 12:18:39  [Login] (TestNG-tests-2:) # # # # # # # # # # # # # # # # # # # # # # # # # # # 
2018-08-08 12:18:39  [Login] (TestNG-tests-2:) Registeration TEST Has Started 2018/08/08 12:18:38
2018-08-08 12:18:42  [Login] (TestNG-tests-2:) # # # # # # # # # # # # # # # # # # # # # # # # # # # 
2018-08-08 12:18:42  [Login] (TestNG-tests-2:) Registeration TEST Has Ended 2018/08/08 12:18:42
2018-08-08 12:18:42  [Login] (TestNG-tests-1:) # # # # # # # # # # # # # # # # # # # # # # # # # # # 
2018-08-08 12:18:42  [Login] (TestNG-tests-1:) Login TEST Has Started
2018-08-08 12:19:06  [Login] (TestNG-tests-1:) Correct UN Error Message
2018-08-08 12:19:06  [Login] (TestNG-tests-1:) Correct PASS Error Message
2018-08-08 12:19:27  [Login] (TestNG-tests-1:) Correct UN Error Message
2018-08-08 12:19:27  [Login] (TestNG-tests-1:) Correct PASS Error Message
2018-08-08 12:19:49  [Login] (TestNG-tests-1:) Correct
2018-08-08 12:19:50  [Login] (TestNG-tests-1:) Correct PASS Error Message
2018-08-08 12:20:13  [Login] (TestNG-tests-1:) Correct
2018-08-08 12:20:13  [Login] (TestNG-tests-1:) Correct PASS Error Message
2018-08-08 12:20:40  [Login] (TestNG-tests-1:) InCorrect POP Message
2018-08-08 12:21:04  [Login] (TestNG-tests-1:) Enter Screen Shot
2018-08-08 12:21:07  [Login] (TestNG-tests-1:) InCorrect Toast Message
2018-08-08 12:21:07  [Login] (TestNG-tests-1:) # # # # # # # # # # # # # # # # # # # # # # # # # # # 
2018-08-08 12:21:07  [Login] (TestNG-tests-1:) Login TEST Has Ended
2018-08-08 12:23:58  [Login] (TestNG-tests-1:) # # # # # # # # # # # # # # # # # # # # # # # # # # # 
2018-08-08 12:23:58  [Login] (TestNG-tests-1:) Login TEST Has Started
2018-08-08 12:24:01  [Login] (TestNG-tests-1:) # # # # # # # # # # # # # # # # # # # # # # # # # # # 
2018-08-08 12:24:01  [Login] (TestNG-tests-1:) Login TEST Has Ended
2018-08-08 12:24:11  [Login] (TestNG-tests-2:) # # # # # # # # # # # # # # # # # # # # # # # # # # # 
2018-08-08 12:24:11  [Login] (TestNG-tests-2:) Registeration TEST Has Started 2018/08/08 12:24:11
2018-08-08 12:25:11  [Login] (TestNG-tests-2:) Enter Screen Shot
2018-08-08 12:25:16  [Login] (TestNG-tests-2:) InCorrect Toast Message
2018-08-08 12:25:31  [Login] (TestNG-tests-2:) # # # # # # # # # # # # # # # # # # # # # # # # # # # 
2018-08-08 12:25:31  [Login] (TestNG-tests-2:) Registeration TEST Has Ended 2018/08/08 12:25:31
2018-08-08 12:26:50  [Login] (TestNG-tests-1:) # # # # # # # # # # # # # # # # # # # # # # # # # # # 
2018-08-08 12:26:50  [Login] (TestNG-tests-1:) Login TEST Has Started
2018-08-08 12:26:52  [Login] (TestNG-tests-2:) # # # # # # # # # # # # # # # # # # # # # # # # # # # 
2018-08-08 12:26:52  [Login] (TestNG-tests-2:) Registeration TEST Has Started 2018/08/08 12:26:52
2018-08-08 12:26:53  [Login] (TestNG-tests-1:) # # # # # # # # # # # # # # # # # # # # # # # # # # # 
2018-08-08 12:26:53  [Login] (TestNG-tests-1:) Login TEST Has Ended
2018-08-08 12:27:43  [Login] (TestNG-tests-2:) # # # # # # # # # # # # # # # # # # # # # # # # # # # 
2018-08-08 12:27:43  [Login] (TestNG-tests-2:) Registeration TEST Has Ended 2018/08/08 12:27:43
2018-08-08 12:28:52  [Login] (TestNG-tests-1:) # # # # # # # # # # # # # # # # # # # # # # # # # # # 
2018-08-08 12:28:52  [Login] (TestNG-tests-1:) Login TEST Has Started
2018-08-08 12:29:24  [Login] (TestNG-tests-1:) Correct UN Error Message
2018-08-08 12:29:24  [Login] (TestNG-tests-1:) Correct PASS Error Message
2018-08-08 12:29:53  [Login] (TestNG-tests-1:) Correct UN Error Message
2018-08-08 12:29:54  [Login] (TestNG-tests-1:) Correct PASS Error Message
2018-08-08 12:30:21  [Login] (TestNG-tests-1:) Correct
2018-08-08 12:30:21  [Login] (TestNG-tests-1:) Correct PASS Error Message
2018-08-08 12:30:50  [Login] (TestNG-tests-1:) Correct
2018-08-08 12:30:50  [Login] (TestNG-tests-1:) Correct PASS Error Message
2018-08-08 12:31:29  [Login] (TestNG-tests-1:) InCorrect POP Message
2018-08-08 12:32:02  [Login] (TestNG-tests-1:) Enter Screen Shot
2018-08-08 12:32:11  [Login] (TestNG-tests-1:) InCorrect Toast Message
2018-08-08 12:32:11  [Login] (TestNG-tests-1:) # # # # # # # # # # # # # # # # # # # # # # # # # # # 
2018-08-08 12:32:11  [Login] (TestNG-tests-1:) Login TEST Has Ended
2018-08-08 12:38:55  [Login] (TestNG-tests-2:) # # # # # # # # # # # # # # # # # # # # # # # # # # # 
2018-08-08 12:38:55  [Login] (TestNG-tests-2:) Registeration TEST Has Started 2018/08/08 12:38:55
2018-08-08 12:39:56  [Login] (TestNG-tests-2:) Enter Screen Shot
2018-08-08 12:39:59  [Login] (TestNG-tests-2:) InCorrect Toast Message
2018-08-08 12:40:57  [Login] (TestNG-tests-2:) Enter Screen Shot
2018-08-08 12:40:59  [Login] (TestNG-tests-2:) InCorrect Toast Message
2018-08-08 12:40:59  [Login] (TestNG-tests-2:) # # # # # # # # # # # # # # # # # # # # # # # # # # # 
2018-08-08 12:40:59  [Login] (TestNG-tests-2:) Registeration TEST Has Ended 2018/08/08 12:40:59
2018-08-08 12:54:23  [Login] (TestNG-tests-1:) # # # # # # # # # # # # # # # # # # # # # # # # # # # 
2018-08-08 12:54:23  [Login] (TestNG-tests-1:) Login TEST Has Started
2018-08-08 12:54:27  [Login] (TestNG-tests-1:) # # # # # # # # # # # # # # # # # # # # # # # # # # # 
2018-08-08 12:54:27  [Login] (TestNG-tests-1:) Login TEST Has Ended
2018-08-08 13:12:17  [Login] (TestNG-tests-2:) # # # # # # # # # # # # # # # # # # # # # # # # # # # 
2018-08-08 13:12:17  [Login] (TestNG-tests-2:) Registeration TEST Has Started 2018/08/08 13:12:17
2018-08-08 13:12:18  [Login] (TestNG-tests-1:) # # # # # # # # # # # # # # # # # # # # # # # # # # # 
2018-08-08 13:12:18  [Login] (TestNG-tests-1:) Login TEST Has Started
2018-08-08 13:12:21  [Login] (TestNG-tests-1:) # # # # # # # # # # # # # # # # # # # # # # # # # # # 
2018-08-08 13:12:21  [Login] (TestNG-tests-1:) Login TEST Has Ended
2018-08-08 13:13:31  [Login] (TestNG-tests-2:) Enter Screen Shot
2018-08-08 13:13:38  [Login] (TestNG-tests-2:) InCorrect Toast Message
2018-08-08 13:14:52  [Login] (TestNG-tests-2:) Enter Screen Shot
2018-08-08 13:14:57  [Login] (TestNG-tests-2:) InCorrect Toast Message
2018-08-08 13:14:57  [Login] (TestNG-tests-2:) # # # # # # # # # # # # # # # # # # # # # # # # # # # 
2018-08-08 13:14:57  [Login] (TestNG-tests-2:) Registeration TEST Has Ended 2018/08/08 13:14:57
2018-08-08 13:23:13  [Login] (TestNG-tests-1:) # # # # # # # # # # # # # # # # # # # # # # # # # # # 
2018-08-08 13:23:13  [Login] (TestNG-tests-1:) Login TEST Has Started
2018-08-08 13:23:16  [Login] (TestNG-tests-1:) # # # # # # # # # # # # # # # # # # # # # # # # # # # 
2018-08-08 13:23:16  [Login] (TestNG-tests-1:) Login TEST Has Ended
2018-08-08 13:23:18  [Login] (TestNG-tests-2:) # # # # # # # # # # # # # # # # # # # # # # # # # # # 
2018-08-08 13:23:18  [Login] (TestNG-tests-2:) Registeration TEST Has Started 2018/08/08 13:23:18
2018-08-08 13:24:38  [Login] (TestNG-tests-1:) # # # # # # # # # # # # # # # # # # # # # # # # # # # 
2018-08-08 13:24:38  [Login] (TestNG-tests-1:) Login TEST Has Started
2018-08-08 13:24:39  [Login] (TestNG-tests-2:) # # # # # # # # # # # # # # # # # # # # # # # # # # # 
2018-08-08 13:24:39  [Login] (TestNG-tests-2:) Registeration TEST Has Started 2018/08/08 13:24:39
2018-08-08 13:25:03  [Login] (TestNG-tests-1:) Correct UN Error Message
2018-08-08 13:25:03  [Login] (TestNG-tests-1:) Correct PASS Error Message
2018-08-08 13:25:25  [Login] (TestNG-tests-1:) Correct UN Error Message
2018-08-08 13:25:25  [Login] (TestNG-tests-1:) Correct PASS Error Message
2018-08-08 13:25:48  [Login] (TestNG-tests-1:) Correct
2018-08-08 13:25:48  [Login] (TestNG-tests-1:) Correct PASS Error Message
2018-08-08 13:25:55  [Login] (TestNG-tests-2:) Enter Screen Shot
2018-08-08 13:26:01  [Login] (TestNG-tests-2:) InCorrect Toast Message
2018-08-08 13:26:11  [Login] (TestNG-tests-1:) Correct
2018-08-08 13:26:12  [Login] (TestNG-tests-1:) Correct PASS Error Message
2018-08-08 13:26:38  [Login] (TestNG-tests-1:) InCorrect POP Message
2018-08-08 13:27:03  [Login] (TestNG-tests-1:) Enter Screen Shot
2018-08-08 13:27:07  [Login] (TestNG-tests-1:) InCorrect Toast Message
2018-08-08 13:27:07  [Login] (TestNG-tests-1:) # # # # # # # # # # # # # # # # # # # # # # # # # # # 
2018-08-08 13:27:07  [Login] (TestNG-tests-1:) Login TEST Has Ended
2018-08-08 13:27:12  [Login] (TestNG-tests-2:) Enter Screen Shot
2018-08-08 13:27:17  [Login] (TestNG-tests-2:) InCorrect Toast Message
2018-08-08 13:27:17  [Login] (TestNG-tests-2:) # # # # # # # # # # # # # # # # # # # # # # # # # # # 
2018-08-08 13:27:17  [Login] (TestNG-tests-2:) Registeration TEST Has Ended 2018/08/08 13:27:17
2018-08-08 14:57:45  [Login] (TestNG-tests-2:) # # # # # # # # # # # # # # # # # # # # # # # # # # # 
2018-08-08 14:57:45  [Login] (TestNG-tests-2:) Registeration TEST Has Started 2018/08/08 14:57:45
2018-08-08 14:58:47  [Login] (TestNG-tests-2:) # # # # # # # # # # # # # # # # # # # # # # # # # # # 
2018-08-08 14:58:47  [Login] (TestNG-tests-2:) Registeration TEST Has Ended 2018/08/08 14:58:47
2018-08-08 14:59:26  [Login] (TestNG-tests-2:) # # # # # # # # # # # # # # # # # # # # # # # # # # # 
2018-08-08 14:59:26  [Login] (TestNG-tests-2:) Registeration TEST Has Started 2018/08/08 14:59:23
2018-08-08 15:01:36  [Login] (TestNG-tests-1:) # # # # # # # # # # # # # # # # # # # # # # # # # # # 
2018-08-08 15:01:36  [Login] (TestNG-tests-1:) Login TEST Has Started
2018-08-08 15:03:51  [Login] (TestNG-tests-1:) # # # # # # # # # # # # # # # # # # # # # # # # # # # 
2018-08-08 15:03:51  [Login] (TestNG-tests-1:) Login TEST Has Started
2018-08-08 15:07:52  [Login] (TestNG-tests-1:) # # # # # # # # # # # # # # # # # # # # # # # # # # # 
2018-08-08 15:07:52  [Login] (TestNG-tests-1:) Login TEST Has Started
2018-08-08 15:53:44  [Login] (TestNG-tests-1:) # # # # # # # # # # # # # # # # # # # # # # # # # # # 
2018-08-08 15:53:44  [Login] (TestNG-tests-1:) Registeration TEST Has Started 2018/08/08 15:53:39
2018-08-08 15:55:08  [Login] (TestNG-tests-1:) # # # # # # # # # # # # # # # # # # # # # # # # # # # 
2018-08-08 15:55:08  [Login] (TestNG-tests-1:) Registeration TEST Has Ended 2018/08/08 15:55:08
2018-08-08 15:57:09  [Login] (TestNG-tests-1:) # # # # # # # # # # # # # # # # # # # # # # # # # # # 
2018-08-08 15:57:09  [Login] (TestNG-tests-1:) Registeration TEST Has Started 2018/08/08 15:56:58
2018-08-08 15:58:02  [Login] (TestNG-tests-1:) # # # # # # # # # # # # # # # # # # # # # # # # # # # 
2018-08-08 15:58:02  [Login] (TestNG-tests-1:) Registeration TEST Has Ended 2018/08/08 15:58:02
2018-08-08 15:59:24  [Login] (TestNG-tests-1:) # # # # # # # # # # # # # # # # # # # # # # # # # # # 
2018-08-08 15:59:24  [Login] (TestNG-tests-1:) Registeration TEST Has Started 2018/08/08 15:59:24
2018-08-08 16:00:12  [Login] (TestNG-tests-1:) # # # # # # # # # # # # # # # # # # # # # # # # # # # 
2018-08-08 16:00:12  [Login] (TestNG-tests-1:) Registeration TEST Has Ended 2018/08/08 16:00:12
2018-08-08 16:01:26  [Login] (TestNG-tests-1:) # # # # # # # # # # # # # # # # # # # # # # # # # # # 
2018-08-08 16:01:26  [Login] (TestNG-tests-1:) Registeration TEST Has Started 2018/08/08 16:01:20
2018-08-08 16:05:01  [Login] (TestNG-tests-1:) # # # # # # # # # # # # # # # # # # # # # # # # # # # 
2018-08-08 16:05:01  [Login] (TestNG-tests-1:) Registeration TEST Has Started 2018/08/08 16:04:20
2018-08-08 16:05:19  [Login] (TestNG-tests-1:) # # # # # # # # # # # # # # # # # # # # # # # # # # # 
2018-08-08 16:05:19  [Login] (TestNG-tests-1:) Registeration TEST Has Ended 2018/08/08 16:05:19
2018-08-08 16:06:09  [Login] (TestNG-tests-1:) # # # # # # # # # # # # # # # # # # # # # # # # # # # 
2018-08-08 16:06:09  [Login] (TestNG-tests-1:) Registeration TEST Has Started 2018/08/08 16:06:01
2018-08-08 16:08:02  [Login] (TestNG-tests-1:) InCorrect FN Error Message
2018-08-08 16:08:09  [Login] (TestNG-tests-1:) InCorrect LN Error Message
2018-08-08 16:08:14  [Login] (TestNG-tests-1:) Correct Email Error Message
2018-08-08 16:08:14  [Login] (TestNG-tests-1:) Correct Mobile Error Message
2018-08-08 16:08:14  [Login] (TestNG-tests-1:) Correct PASS Error Message
2018-08-08 16:10:24  [Login] (TestNG-tests-1:) # # # # # # # # # # # # # # # # # # # # # # # # # # # 
2018-08-08 16:10:24  [Login] (TestNG-tests-1:) Registeration TEST Has Started 2018/08/08 16:10:11
2018-08-08 16:12:04  [Login] (TestNG-tests-1:) # # # # # # # # # # # # # # # # # # # # # # # # # # # 
2018-08-08 16:12:04  [Login] (TestNG-tests-1:) Registeration TEST Has Ended 2018/08/08 16:12:04
2018-08-08 16:15:25  [Login] (TestNG-tests-1:) # # # # # # # # # # # # # # # # # # # # # # # # # # # 
2018-08-08 16:15:25  [Login] (TestNG-tests-1:) Registeration TEST Has Started 2018/08/08 16:15:20
2018-08-08 16:16:01  [Login] (TestNG-tests-1:) # # # # # # # # # # # # # # # # # # # # # # # # # # # 
2018-08-08 16:16:01  [Login] (TestNG-tests-1:) Registeration TEST Has Ended 2018/08/08 16:16:01
2018-08-08 16:24:57  [Login] (TestNG-tests-1:) # # # # # # # # # # # # # # # # # # # # # # # # # # # 
2018-08-08 16:24:57  [Login] (TestNG-tests-1:) Registeration TEST Has Started 2018/08/08 16:24:48
2018-08-08 16:34:22  [Login] (TestNG-tests-1:) # # # # # # # # # # # # # # # # # # # # # # # # # # # 
2018-08-08 16:34:22  [Login] (TestNG-tests-1:) Registeration TEST Has Started 2018/08/08 16:33:51
2018-08-08 16:37:25  [Login] (TestNG-tests-1:) # # # # # # # # # # # # # # # # # # # # # # # # # # # 
2018-08-08 16:37:25  [Login] (TestNG-tests-1:) Registeration TEST Has Started 2018/08/08 16:36:58
2018-08-15 08:42:02  [Login] (TestNG-tests-1:) # # # # # # # # # # # # # # # # # # # # # # # # # # # 
2018-08-15 08:42:02  [Login] (TestNG-tests-1:) Registeration TEST Has Started 2018/08/15 08:42:01
2018-08-15 08:43:31  [Login] (TestNG-tests-1:) # # # # # # # # # # # # # # # # # # # # # # # # # # # 
2018-08-15 08:43:31  [Login] (TestNG-tests-1:) Registeration TEST Has Started 2018/08/15 08:43:12
2018-08-15 08:44:48  [Login] (TestNG-tests-1:) # # # # # # # # # # # # # # # # # # # # # # # # # # # 
2018-08-15 08:44:48  [Login] (TestNG-tests-1:) Registeration TEST Has Ended 2018/08/15 08:44:48
2018-08-15 08:47:35  [Login] (TestNG-tests-1:) # # # # # # # # # # # # # # # # # # # # # # # # # # # 
2018-08-15 08:47:35  [Login] (TestNG-tests-1:) Registeration TEST Has Started 2018/08/15 08:47:35
2018-08-15 08:48:51  [Login] (TestNG-tests-1:) # # # # # # # # # # # # # # # # # # # # # # # # # # # 
2018-08-15 08:48:51  [Login] (TestNG-tests-1:) Registeration TEST Has Ended 2018/08/15 08:48:51
2018-08-15 08:51:31  [Login] (TestNG-tests-1:) # # # # # # # # # # # # # # # # # # # # # # # # # # # 
2018-08-15 08:51:31  [Login] (TestNG-tests-1:) Registeration TEST Has Started 2018/08/15 08:51:31
2018-08-15 08:52:44  [Login] (TestNG-tests-1:) # # # # # # # # # # # # # # # # # # # # # # # # # # # 
2018-08-15 08:52:44  [Login] (TestNG-tests-1:) Registeration TEST Has Ended 2018/08/15 08:52:44
2018-08-15 08:56:40  [Login] (TestNG-tests-1:) # # # # # # # # # # # # # # # # # # # # # # # # # # # 
2018-08-15 08:56:40  [Login] (TestNG-tests-1:) Registeration TEST Has Started 2018/08/15 08:56:40
2018-08-15 08:59:22  [Login] (TestNG-tests-1:) # # # # # # # # # # # # # # # # # # # # # # # # # # # 
2018-08-15 08:59:22  [Login] (TestNG-tests-1:) Registeration TEST Has Started 2018/08/15 08:59:22
2018-08-15 09:00:57  [Login] (TestNG-tests-1:) # # # # # # # # # # # # # # # # # # # # # # # # # # # 
2018-08-15 09:00:57  [Login] (TestNG-tests-1:) Registeration TEST Has Ended 2018/08/15 09:00:57
2018-08-15 09:04:07  [Login] (TestNG-tests-1:) # # # # # # # # # # # # # # # # # # # # # # # # # # # 
2018-08-15 09:04:07  [Login] (TestNG-tests-1:) Registeration TEST Has Started 2018/08/15 09:04:07
2018-08-15 09:05:58  [Login] (TestNG-tests-1:) Correct FN Error Message
2018-08-15 09:06:05  [Login] (TestNG-tests-1:) Correct LN Error Message
2018-08-15 09:06:12  [Login] (TestNG-tests-1:) Correct Email Error Message
2018-08-15 09:06:18  [Login] (TestNG-tests-1:) Correct Mobile Error Message
2018-08-15 09:06:23  [Login] (TestNG-tests-1:) Correct PASS Error Message
